<?xml version="1.0" encoding="UTF-8"?>
<!-- Generated by org.testng.reporters.JUnitReportReporter -->
<testsuite hostname="TOHICH" name="tohich.pages.HomePageTest" tests="2" failures="2" timestamp="29 Apr 2015 00:30:47 GMT" time="0.000" errors="0">
  <testcase name="test2" time="0.000" classname="tohich.pages.HomePageTest">
    <failure type="org.openqa.selenium.WebDriverException" message="Failed to connect to binary FirefoxBinary(C:\Program Files (x86)\Mozilla Firefox\firefox.exe) on port 7055; process output follows: 
ddons.manager	DEBUG	Calling shutdown blocker for PluginProvider
1430267401458	DeferredSave.extensions.json	DEBUG	Write succeeded
1430267401459	addons.xpi-utils	DEBUG	XPI Database saved, setting schema version preference to 16
1430267401459	addons.xpi	DEBUG	Notifying XPI shutdown observers
1430267401461	addons.manager	DEBUG	Async provider shutdown done
1430267402829	addons.manager	DEBUG	Loaded provider scope for resource://gre/modules/addons/XPIProvider.jsm: [&quot;XPIProvider&quot;]
1430267402830	addons.manager	DEBUG	Loaded provider scope for resource://gre/modules/LightweightThemeManager.jsm: [&quot;LightweightThemeManager&quot;]
1430267402832	addons.xpi	DEBUG	startup
1430267402833	addons.xpi	INFO	Mapping fxdriver@googlecode.com to C:\Users\Anton\AppData\Local\Temp\anonymous2384784835040942216webdriver-profile\extensions\fxdriver@googlecode.com
1430267402833	addons.xpi	DEBUG	Ignoring file entry whose name is not a valid add-on ID: C:\Users\Anton\AppData\Local\Temp\anonymous2384784835040942216webdriver-profile\extensions\webdriver-staging
1430267402834	addons.xpi	INFO	Mapping {972ce4c6-7e08-4474-a285-3208198ce6fd} to C:\Program Files (x86)\Mozilla Firefox\browser\extensions\{972ce4c6-7e08-4474-a285-3208198ce6fd}
1430267402834	addons.xpi	DEBUG	Skipping unavailable install location app-system-share
1430267402834	addons.xpi	DEBUG	Skipping unavailable install location app-system-local
1430267402834	addons.xpi	INFO	Mapping fiddlerhook@fiddler2.com to C:\Program Files (x86)\Fiddler2\FiddlerHook
1430267402835	addons.xpi	DEBUG	checkForChanges
1430267402835	addons.xpi	DEBUG	Loaded add-on state from prefs: {&quot;app-profile&quot;:{&quot;fxdriver@googlecode.com&quot;:{&quot;d&quot;:&quot;C:\\Users\\Anton\\AppData\\Local\\Temp\\anonymous2384784835040942216webdriver-profile\\extensions\\fxdriver@googlecode.com&quot;,&quot;e&quot;:true,&quot;v&quot;:&quot;2.43.1&quot;,&quot;st&quot;:1430267398846,&quot;mt&quot;:1430267398476}},&quot;app-global&quot;:{&quot;{972ce4c6-7e08-4474-a285-3208198ce6fd}&quot;:{&quot;d&quot;:&quot;C:\\Program Files (x86)\\Mozilla Firefox\\browser\\extensions\\{972ce4c6-7e08-4474-a285-3208198ce6fd}&quot;,&quot;e&quot;:true,&quot;v&quot;:&quot;37.0.1&quot;,&quot;st&quot;:1429478146776,&quot;mt&quot;:1429478146446}},&quot;winreg-app-global&quot;:{&quot;fiddlerhook@fiddler2.com&quot;:{&quot;d&quot;:&quot;C:\\Program Files (x86)\\Fiddler2\\FiddlerHook&quot;,&quot;e&quot;:false,&quot;v&quot;:&quot;2.4.9.7&quot;,&quot;st&quot;:1420226448892,&quot;mt&quot;:1416625068000}}}
1430267402836	addons.xpi	DEBUG	getModTime: Recursive scan of fxdriver@googlecode.com
1430267402840	addons.xpi	DEBUG	getModTime: Recursive scan of {972ce4c6-7e08-4474-a285-3208198ce6fd}
1430267402840	addons.xpi	DEBUG	getInstallState changed: false, state: {&quot;app-profile&quot;:{&quot;fxdriver@googlecode.com&quot;:{&quot;d&quot;:&quot;C:\\Users\\Anton\\AppData\\Local\\Temp\\anonymous2384784835040942216webdriver-profile\\extensions\\fxdriver@googlecode.com&quot;,&quot;e&quot;:true,&quot;v&quot;:&quot;2.43.1&quot;,&quot;st&quot;:1430267398846,&quot;mt&quot;:1430267398476}},&quot;app-global&quot;:{&quot;{972ce4c6-7e08-4474-a285-3208198ce6fd}&quot;:{&quot;d&quot;:&quot;C:\\Program Files (x86)\\Mozilla Firefox\\browser\\extensions\\{972ce4c6-7e08-4474-a285-3208198ce6fd}&quot;,&quot;e&quot;:true,&quot;v&quot;:&quot;37.0.1&quot;,&quot;st&quot;:1429478146776,&quot;mt&quot;:1429478146446}},&quot;winreg-app-global&quot;:{&quot;fiddlerhook@fiddler2.com&quot;:{&quot;d&quot;:&quot;C:\\Program Files (x86)\\Fiddler2\\FiddlerHook&quot;,&quot;e&quot;:false,&quot;v&quot;:&quot;2.4.9.7&quot;,&quot;st&quot;:1420226448892,&quot;mt&quot;:1416625068000}}}
1430267402842	addons.xpi	DEBUG	No changes found
1430267402844	addons.manager	DEBUG	Registering shutdown blocker for XPIProvider
1430267402845	addons.manager	DEBUG	Registering shutdown blocker for LightweightThemeManager
1430267402846	addons.manager	DEBUG	Registering shutdown blocker for GMPProvider
1430267402846	addons.manager	DEBUG	Registering shutdown blocker for PluginProvider
JavaScript error: file:///C:/Users/Anton/AppData/Local/Temp/anonymous2384784835040942216webdriver-profile/extensions/fxdriver@googlecode.com/components/driver-component.js, line 11464: TypeError: this.server_ is undefined
JavaScript error: chrome://fxdriver/content/server.js, line 38: NS_ERROR_XPC_CI_RETURNED_FAILURE: Component returned failure code: 0x80570015 (NS_ERROR_XPC_CI_RETURNED_FAILURE) [nsIJSCID.createInstance]
*** Blocklist::_preloadBlocklistFile: blocklist is disabled
1430267404331	addons.manager	DEBUG	Registering shutdown blocker for &lt;unnamed-provider&gt;

Build info: version: &#039;2.43.1&#039;, revision: &#039;5163bceef1bc36d43f3dc0b83c88998168a363a0&#039;, time: &#039;2014-09-10 09:43:55&#039;
System info: host: &#039;TOHICH&#039;, ip: &#039;169.254.147.74&#039;, os.name: &#039;Windows 8.1&#039;, os.arch: &#039;amd64&#039;, os.version: &#039;6.3&#039;, java.version: &#039;1.8.0_25&#039;
Driver info: driver.version: FirefoxDriver">
      <![CDATA[org.openqa.selenium.WebDriverException: Failed to connect to binary FirefoxBinary(C:\Program Files (x86)\Mozilla Firefox\firefox.exe) on port 7055; process output follows: 
ddons.manager	DEBUG	Calling shutdown blocker for PluginProvider
1430267401458	DeferredSave.extensions.json	DEBUG	Write succeeded
1430267401459	addons.xpi-utils	DEBUG	XPI Database saved, setting schema version preference to 16
1430267401459	addons.xpi	DEBUG	Notifying XPI shutdown observers
1430267401461	addons.manager	DEBUG	Async provider shutdown done
1430267402829	addons.manager	DEBUG	Loaded provider scope for resource://gre/modules/addons/XPIProvider.jsm: ["XPIProvider"]
1430267402830	addons.manager	DEBUG	Loaded provider scope for resource://gre/modules/LightweightThemeManager.jsm: ["LightweightThemeManager"]
1430267402832	addons.xpi	DEBUG	startup
1430267402833	addons.xpi	INFO	Mapping fxdriver@googlecode.com to C:\Users\Anton\AppData\Local\Temp\anonymous2384784835040942216webdriver-profile\extensions\fxdriver@googlecode.com
1430267402833	addons.xpi	DEBUG	Ignoring file entry whose name is not a valid add-on ID: C:\Users\Anton\AppData\Local\Temp\anonymous2384784835040942216webdriver-profile\extensions\webdriver-staging
1430267402834	addons.xpi	INFO	Mapping {972ce4c6-7e08-4474-a285-3208198ce6fd} to C:\Program Files (x86)\Mozilla Firefox\browser\extensions\{972ce4c6-7e08-4474-a285-3208198ce6fd}
1430267402834	addons.xpi	DEBUG	Skipping unavailable install location app-system-share
1430267402834	addons.xpi	DEBUG	Skipping unavailable install location app-system-local
1430267402834	addons.xpi	INFO	Mapping fiddlerhook@fiddler2.com to C:\Program Files (x86)\Fiddler2\FiddlerHook
1430267402835	addons.xpi	DEBUG	checkForChanges
1430267402835	addons.xpi	DEBUG	Loaded add-on state from prefs: {"app-profile":{"fxdriver@googlecode.com":{"d":"C:\\Users\\Anton\\AppData\\Local\\Temp\\anonymous2384784835040942216webdriver-profile\\extensions\\fxdriver@googlecode.com","e":true,"v":"2.43.1","st":1430267398846,"mt":1430267398476}},"app-global":{"{972ce4c6-7e08-4474-a285-3208198ce6fd}":{"d":"C:\\Program Files (x86)\\Mozilla Firefox\\browser\\extensions\\{972ce4c6-7e08-4474-a285-3208198ce6fd}","e":true,"v":"37.0.1","st":1429478146776,"mt":1429478146446}},"winreg-app-global":{"fiddlerhook@fiddler2.com":{"d":"C:\\Program Files (x86)\\Fiddler2\\FiddlerHook","e":false,"v":"2.4.9.7","st":1420226448892,"mt":1416625068000}}}
1430267402836	addons.xpi	DEBUG	getModTime: Recursive scan of fxdriver@googlecode.com
1430267402840	addons.xpi	DEBUG	getModTime: Recursive scan of {972ce4c6-7e08-4474-a285-3208198ce6fd}
1430267402840	addons.xpi	DEBUG	getInstallState changed: false, state: {"app-profile":{"fxdriver@googlecode.com":{"d":"C:\\Users\\Anton\\AppData\\Local\\Temp\\anonymous2384784835040942216webdriver-profile\\extensions\\fxdriver@googlecode.com","e":true,"v":"2.43.1","st":1430267398846,"mt":1430267398476}},"app-global":{"{972ce4c6-7e08-4474-a285-3208198ce6fd}":{"d":"C:\\Program Files (x86)\\Mozilla Firefox\\browser\\extensions\\{972ce4c6-7e08-4474-a285-3208198ce6fd}","e":true,"v":"37.0.1","st":1429478146776,"mt":1429478146446}},"winreg-app-global":{"fiddlerhook@fiddler2.com":{"d":"C:\\Program Files (x86)\\Fiddler2\\FiddlerHook","e":false,"v":"2.4.9.7","st":1420226448892,"mt":1416625068000}}}
1430267402842	addons.xpi	DEBUG	No changes found
1430267402844	addons.manager	DEBUG	Registering shutdown blocker for XPIProvider
1430267402845	addons.manager	DEBUG	Registering shutdown blocker for LightweightThemeManager
1430267402846	addons.manager	DEBUG	Registering shutdown blocker for GMPProvider
1430267402846	addons.manager	DEBUG	Registering shutdown blocker for PluginProvider
JavaScript error: file:///C:/Users/Anton/AppData/Local/Temp/anonymous2384784835040942216webdriver-profile/extensions/fxdriver@googlecode.com/components/driver-component.js, line 11464: TypeError: this.server_ is undefined
JavaScript error: chrome://fxdriver/content/server.js, line 38: NS_ERROR_XPC_CI_RETURNED_FAILURE: Component returned failure code: 0x80570015 (NS_ERROR_XPC_CI_RETURNED_FAILURE) [nsIJSCID.createInstance]
*** Blocklist::_preloadBlocklistFile: blocklist is disabled
1430267404331	addons.manager	DEBUG	Registering shutdown blocker for <unnamed-provider>

Build info: version: '2.43.1', revision: '5163bceef1bc36d43f3dc0b83c88998168a363a0', time: '2014-09-10 09:43:55'
System info: host: 'TOHICH', ip: '169.254.147.74', os.name: 'Windows 8.1', os.arch: 'amd64', os.version: '6.3', java.version: '1.8.0_25'
Driver info: driver.version: FirefoxDriver
	at org.openqa.selenium.firefox.internal.NewProfileExtensionConnection.start(NewProfileExtensionConnection.java:130)
	at org.openqa.selenium.firefox.FirefoxDriver.startClient(FirefoxDriver.java:246)
	at org.openqa.selenium.remote.RemoteWebDriver.<init>(RemoteWebDriver.java:114)
	at org.openqa.selenium.firefox.FirefoxDriver.<init>(FirefoxDriver.java:191)
	at org.openqa.selenium.firefox.FirefoxDriver.<init>(FirefoxDriver.java:186)
	at org.openqa.selenium.firefox.FirefoxDriver.<init>(FirefoxDriver.java:182)
	at org.openqa.selenium.firefox.FirefoxDriver.<init>(FirefoxDriver.java:99)
	at tohich.webdriver.WebDriverFactory.getInstance(WebDriverFactory.java:167)
	at tohich.webdriver.WebDriverFactory.getInstance(WebDriverFactory.java:78)
	at tohich.pages.TestBase.init(TestBase.java:53)
	at sun.reflect.NativeMethodAccessorImpl.invoke0(Native Method)
	at sun.reflect.NativeMethodAccessorImpl.invoke(NativeMethodAccessorImpl.java:62)
	at sun.reflect.DelegatingMethodAccessorImpl.invoke(DelegatingMethodAccessorImpl.java:43)
	at java.lang.reflect.Method.invoke(Method.java:483)
	at org.testng.internal.MethodInvocationHelper.invokeMethod(MethodInvocationHelper.java:84)
	at org.testng.internal.Invoker.invokeConfigurationMethod(Invoker.java:564)
	at org.testng.internal.Invoker.invokeConfigurations(Invoker.java:213)
	at org.testng.internal.Invoker.invokeConfigurations(Invoker.java:138)
	at org.testng.internal.TestMethodWorker.invokeBeforeClassMethods(TestMethodWorker.java:175)
	at org.testng.internal.TestMethodWorker.run(TestMethodWorker.java:107)
	at org.testng.TestRunner.privateRun(TestRunner.java:767)
	at org.testng.TestRunner.run(TestRunner.java:617)
	at org.testng.SuiteRunner.runTest(SuiteRunner.java:348)
	at org.testng.SuiteRunner.runSequentially(SuiteRunner.java:343)
	at org.testng.SuiteRunner.privateRun(SuiteRunner.java:305)
	at org.testng.SuiteRunner.run(SuiteRunner.java:254)
	at org.testng.SuiteRunnerWorker.runSuite(SuiteRunnerWorker.java:52)
	at org.testng.SuiteRunnerWorker.run(SuiteRunnerWorker.java:86)
	at org.testng.TestNG.runSuitesSequentially(TestNG.java:1224)
	at org.testng.TestNG.runSuitesLocally(TestNG.java:1149)
	at org.testng.TestNG.run(TestNG.java:1057)
	at org.apache.maven.surefire.testng.TestNGExecutor.run(TestNGExecutor.java:217)
	at org.apache.maven.surefire.testng.TestNGXmlTestSuite.execute(TestNGXmlTestSuite.java:84)
	at org.apache.maven.surefire.testng.TestNGProvider.invoke(TestNGProvider.java:92)
	at org.apache.maven.surefire.booter.ForkedBooter.invokeProviderInSameClassLoader(ForkedBooter.java:200)
	at org.apache.maven.surefire.booter.ForkedBooter.runSuitesInProcess(ForkedBooter.java:153)
	at org.apache.maven.surefire.booter.ForkedBooter.main(ForkedBooter.java:103)
Caused by: org.openqa.selenium.firefox.NotConnectedException: Unable to connect to host 127.0.0.1 on port 7055 after 45000 ms. Firefox console output:
ddons.manager	DEBUG	Calling shutdown blocker for PluginProvider
1430267401458	DeferredSave.extensions.json	DEBUG	Write succeeded
1430267401459	addons.xpi-utils	DEBUG	XPI Database saved, setting schema version preference to 16
1430267401459	addons.xpi	DEBUG	Notifying XPI shutdown observers
1430267401461	addons.manager	DEBUG	Async provider shutdown done
1430267402829	addons.manager	DEBUG	Loaded provider scope for resource://gre/modules/addons/XPIProvider.jsm: ["XPIProvider"]
1430267402830	addons.manager	DEBUG	Loaded provider scope for resource://gre/modules/LightweightThemeManager.jsm: ["LightweightThemeManager"]
1430267402832	addons.xpi	DEBUG	startup
1430267402833	addons.xpi	INFO	Mapping fxdriver@googlecode.com to C:\Users\Anton\AppData\Local\Temp\anonymous2384784835040942216webdriver-profile\extensions\fxdriver@googlecode.com
1430267402833	addons.xpi	DEBUG	Ignoring file entry whose name is not a valid add-on ID: C:\Users\Anton\AppData\Local\Temp\anonymous2384784835040942216webdriver-profile\extensions\webdriver-staging
1430267402834	addons.xpi	INFO	Mapping {972ce4c6-7e08-4474-a285-3208198ce6fd} to C:\Program Files (x86)\Mozilla Firefox\browser\extensions\{972ce4c6-7e08-4474-a285-3208198ce6fd}
1430267402834	addons.xpi	DEBUG	Skipping unavailable install location app-system-share
1430267402834	addons.xpi	DEBUG	Skipping unavailable install location app-system-local
1430267402834	addons.xpi	INFO	Mapping fiddlerhook@fiddler2.com to C:\Program Files (x86)\Fiddler2\FiddlerHook
1430267402835	addons.xpi	DEBUG	checkForChanges
1430267402835	addons.xpi	DEBUG	Loaded add-on state from prefs: {"app-profile":{"fxdriver@googlecode.com":{"d":"C:\\Users\\Anton\\AppData\\Local\\Temp\\anonymous2384784835040942216webdriver-profile\\extensions\\fxdriver@googlecode.com","e":true,"v":"2.43.1","st":1430267398846,"mt":1430267398476}},"app-global":{"{972ce4c6-7e08-4474-a285-3208198ce6fd}":{"d":"C:\\Program Files (x86)\\Mozilla Firefox\\browser\\extensions\\{972ce4c6-7e08-4474-a285-3208198ce6fd}","e":true,"v":"37.0.1","st":1429478146776,"mt":1429478146446}},"winreg-app-global":{"fiddlerhook@fiddler2.com":{"d":"C:\\Program Files (x86)\\Fiddler2\\FiddlerHook","e":false,"v":"2.4.9.7","st":1420226448892,"mt":1416625068000}}}
1430267402836	addons.xpi	DEBUG	getModTime: Recursive scan of fxdriver@googlecode.com
1430267402840	addons.xpi	DEBUG	getModTime: Recursive scan of {972ce4c6-7e08-4474-a285-3208198ce6fd}
1430267402840	addons.xpi	DEBUG	getInstallState changed: false, state: {"app-profile":{"fxdriver@googlecode.com":{"d":"C:\\Users\\Anton\\AppData\\Local\\Temp\\anonymous2384784835040942216webdriver-profile\\extensions\\fxdriver@googlecode.com","e":true,"v":"2.43.1","st":1430267398846,"mt":1430267398476}},"app-global":{"{972ce4c6-7e08-4474-a285-3208198ce6fd}":{"d":"C:\\Program Files (x86)\\Mozilla Firefox\\browser\\extensions\\{972ce4c6-7e08-4474-a285-3208198ce6fd}","e":true,"v":"37.0.1","st":1429478146776,"mt":1429478146446}},"winreg-app-global":{"fiddlerhook@fiddler2.com":{"d":"C:\\Program Files (x86)\\Fiddler2\\FiddlerHook","e":false,"v":"2.4.9.7","st":1420226448892,"mt":1416625068000}}}
1430267402842	addons.xpi	DEBUG	No changes found
1430267402844	addons.manager	DEBUG	Registering shutdown blocker for XPIProvider
1430267402845	addons.manager	DEBUG	Registering shutdown blocker for LightweightThemeManager
1430267402846	addons.manager	DEBUG	Registering shutdown blocker for GMPProvider
1430267402846	addons.manager	DEBUG	Registering shutdown blocker for PluginProvider
JavaScript error: file:///C:/Users/Anton/AppData/Local/Temp/anonymous2384784835040942216webdriver-profile/extensions/fxdriver@googlecode.com/components/driver-component.js, line 11464: TypeError: this.server_ is undefined
JavaScript error: chrome://fxdriver/content/server.js, line 38: NS_ERROR_XPC_CI_RETURNED_FAILURE: Component returned failure code: 0x80570015 (NS_ERROR_XPC_CI_RETURNED_FAILURE) [nsIJSCID.createInstance]
*** Blocklist::_preloadBlocklistFile: blocklist is disabled
1430267404331	addons.manager	DEBUG	Registering shutdown blocker for <unnamed-provider>

	at org.openqa.selenium.firefox.internal.NewProfileExtensionConnection.start(NewProfileExtensionConnection.java:118)
	... 36 more
]]>
    </failure>
  </testcase> <!-- test2 -->
  <testcase name="testH1Existing" time="0.000" classname="tohich.pages.HomePageTest">
    <failure type="org.openqa.selenium.WebDriverException" message="Failed to connect to binary FirefoxBinary(C:\Program Files (x86)\Mozilla Firefox\firefox.exe) on port 7055; process output follows: 
ddons.manager	DEBUG	Calling shutdown blocker for PluginProvider
1430267401458	DeferredSave.extensions.json	DEBUG	Write succeeded
1430267401459	addons.xpi-utils	DEBUG	XPI Database saved, setting schema version preference to 16
1430267401459	addons.xpi	DEBUG	Notifying XPI shutdown observers
1430267401461	addons.manager	DEBUG	Async provider shutdown done
1430267402829	addons.manager	DEBUG	Loaded provider scope for resource://gre/modules/addons/XPIProvider.jsm: [&quot;XPIProvider&quot;]
1430267402830	addons.manager	DEBUG	Loaded provider scope for resource://gre/modules/LightweightThemeManager.jsm: [&quot;LightweightThemeManager&quot;]
1430267402832	addons.xpi	DEBUG	startup
1430267402833	addons.xpi	INFO	Mapping fxdriver@googlecode.com to C:\Users\Anton\AppData\Local\Temp\anonymous2384784835040942216webdriver-profile\extensions\fxdriver@googlecode.com
1430267402833	addons.xpi	DEBUG	Ignoring file entry whose name is not a valid add-on ID: C:\Users\Anton\AppData\Local\Temp\anonymous2384784835040942216webdriver-profile\extensions\webdriver-staging
1430267402834	addons.xpi	INFO	Mapping {972ce4c6-7e08-4474-a285-3208198ce6fd} to C:\Program Files (x86)\Mozilla Firefox\browser\extensions\{972ce4c6-7e08-4474-a285-3208198ce6fd}
1430267402834	addons.xpi	DEBUG	Skipping unavailable install location app-system-share
1430267402834	addons.xpi	DEBUG	Skipping unavailable install location app-system-local
1430267402834	addons.xpi	INFO	Mapping fiddlerhook@fiddler2.com to C:\Program Files (x86)\Fiddler2\FiddlerHook
1430267402835	addons.xpi	DEBUG	checkForChanges
1430267402835	addons.xpi	DEBUG	Loaded add-on state from prefs: {&quot;app-profile&quot;:{&quot;fxdriver@googlecode.com&quot;:{&quot;d&quot;:&quot;C:\\Users\\Anton\\AppData\\Local\\Temp\\anonymous2384784835040942216webdriver-profile\\extensions\\fxdriver@googlecode.com&quot;,&quot;e&quot;:true,&quot;v&quot;:&quot;2.43.1&quot;,&quot;st&quot;:1430267398846,&quot;mt&quot;:1430267398476}},&quot;app-global&quot;:{&quot;{972ce4c6-7e08-4474-a285-3208198ce6fd}&quot;:{&quot;d&quot;:&quot;C:\\Program Files (x86)\\Mozilla Firefox\\browser\\extensions\\{972ce4c6-7e08-4474-a285-3208198ce6fd}&quot;,&quot;e&quot;:true,&quot;v&quot;:&quot;37.0.1&quot;,&quot;st&quot;:1429478146776,&quot;mt&quot;:1429478146446}},&quot;winreg-app-global&quot;:{&quot;fiddlerhook@fiddler2.com&quot;:{&quot;d&quot;:&quot;C:\\Program Files (x86)\\Fiddler2\\FiddlerHook&quot;,&quot;e&quot;:false,&quot;v&quot;:&quot;2.4.9.7&quot;,&quot;st&quot;:1420226448892,&quot;mt&quot;:1416625068000}}}
1430267402836	addons.xpi	DEBUG	getModTime: Recursive scan of fxdriver@googlecode.com
1430267402840	addons.xpi	DEBUG	getModTime: Recursive scan of {972ce4c6-7e08-4474-a285-3208198ce6fd}
1430267402840	addons.xpi	DEBUG	getInstallState changed: false, state: {&quot;app-profile&quot;:{&quot;fxdriver@googlecode.com&quot;:{&quot;d&quot;:&quot;C:\\Users\\Anton\\AppData\\Local\\Temp\\anonymous2384784835040942216webdriver-profile\\extensions\\fxdriver@googlecode.com&quot;,&quot;e&quot;:true,&quot;v&quot;:&quot;2.43.1&quot;,&quot;st&quot;:1430267398846,&quot;mt&quot;:1430267398476}},&quot;app-global&quot;:{&quot;{972ce4c6-7e08-4474-a285-3208198ce6fd}&quot;:{&quot;d&quot;:&quot;C:\\Program Files (x86)\\Mozilla Firefox\\browser\\extensions\\{972ce4c6-7e08-4474-a285-3208198ce6fd}&quot;,&quot;e&quot;:true,&quot;v&quot;:&quot;37.0.1&quot;,&quot;st&quot;:1429478146776,&quot;mt&quot;:1429478146446}},&quot;winreg-app-global&quot;:{&quot;fiddlerhook@fiddler2.com&quot;:{&quot;d&quot;:&quot;C:\\Program Files (x86)\\Fiddler2\\FiddlerHook&quot;,&quot;e&quot;:false,&quot;v&quot;:&quot;2.4.9.7&quot;,&quot;st&quot;:1420226448892,&quot;mt&quot;:1416625068000}}}
1430267402842	addons.xpi	DEBUG	No changes found
1430267402844	addons.manager	DEBUG	Registering shutdown blocker for XPIProvider
1430267402845	addons.manager	DEBUG	Registering shutdown blocker for LightweightThemeManager
1430267402846	addons.manager	DEBUG	Registering shutdown blocker for GMPProvider
1430267402846	addons.manager	DEBUG	Registering shutdown blocker for PluginProvider
JavaScript error: file:///C:/Users/Anton/AppData/Local/Temp/anonymous2384784835040942216webdriver-profile/extensions/fxdriver@googlecode.com/components/driver-component.js, line 11464: TypeError: this.server_ is undefined
JavaScript error: chrome://fxdriver/content/server.js, line 38: NS_ERROR_XPC_CI_RETURNED_FAILURE: Component returned failure code: 0x80570015 (NS_ERROR_XPC_CI_RETURNED_FAILURE) [nsIJSCID.createInstance]
*** Blocklist::_preloadBlocklistFile: blocklist is disabled
1430267404331	addons.manager	DEBUG	Registering shutdown blocker for &lt;unnamed-provider&gt;

Build info: version: &#039;2.43.1&#039;, revision: &#039;5163bceef1bc36d43f3dc0b83c88998168a363a0&#039;, time: &#039;2014-09-10 09:43:55&#039;
System info: host: &#039;TOHICH&#039;, ip: &#039;169.254.147.74&#039;, os.name: &#039;Windows 8.1&#039;, os.arch: &#039;amd64&#039;, os.version: &#039;6.3&#039;, java.version: &#039;1.8.0_25&#039;
Driver info: driver.version: FirefoxDriver">
      <![CDATA[org.openqa.selenium.WebDriverException: Failed to connect to binary FirefoxBinary(C:\Program Files (x86)\Mozilla Firefox\firefox.exe) on port 7055; process output follows: 
ddons.manager	DEBUG	Calling shutdown blocker for PluginProvider
1430267401458	DeferredSave.extensions.json	DEBUG	Write succeeded
1430267401459	addons.xpi-utils	DEBUG	XPI Database saved, setting schema version preference to 16
1430267401459	addons.xpi	DEBUG	Notifying XPI shutdown observers
1430267401461	addons.manager	DEBUG	Async provider shutdown done
1430267402829	addons.manager	DEBUG	Loaded provider scope for resource://gre/modules/addons/XPIProvider.jsm: ["XPIProvider"]
1430267402830	addons.manager	DEBUG	Loaded provider scope for resource://gre/modules/LightweightThemeManager.jsm: ["LightweightThemeManager"]
1430267402832	addons.xpi	DEBUG	startup
1430267402833	addons.xpi	INFO	Mapping fxdriver@googlecode.com to C:\Users\Anton\AppData\Local\Temp\anonymous2384784835040942216webdriver-profile\extensions\fxdriver@googlecode.com
1430267402833	addons.xpi	DEBUG	Ignoring file entry whose name is not a valid add-on ID: C:\Users\Anton\AppData\Local\Temp\anonymous2384784835040942216webdriver-profile\extensions\webdriver-staging
1430267402834	addons.xpi	INFO	Mapping {972ce4c6-7e08-4474-a285-3208198ce6fd} to C:\Program Files (x86)\Mozilla Firefox\browser\extensions\{972ce4c6-7e08-4474-a285-3208198ce6fd}
1430267402834	addons.xpi	DEBUG	Skipping unavailable install location app-system-share
1430267402834	addons.xpi	DEBUG	Skipping unavailable install location app-system-local
1430267402834	addons.xpi	INFO	Mapping fiddlerhook@fiddler2.com to C:\Program Files (x86)\Fiddler2\FiddlerHook
1430267402835	addons.xpi	DEBUG	checkForChanges
1430267402835	addons.xpi	DEBUG	Loaded add-on state from prefs: {"app-profile":{"fxdriver@googlecode.com":{"d":"C:\\Users\\Anton\\AppData\\Local\\Temp\\anonymous2384784835040942216webdriver-profile\\extensions\\fxdriver@googlecode.com","e":true,"v":"2.43.1","st":1430267398846,"mt":1430267398476}},"app-global":{"{972ce4c6-7e08-4474-a285-3208198ce6fd}":{"d":"C:\\Program Files (x86)\\Mozilla Firefox\\browser\\extensions\\{972ce4c6-7e08-4474-a285-3208198ce6fd}","e":true,"v":"37.0.1","st":1429478146776,"mt":1429478146446}},"winreg-app-global":{"fiddlerhook@fiddler2.com":{"d":"C:\\Program Files (x86)\\Fiddler2\\FiddlerHook","e":false,"v":"2.4.9.7","st":1420226448892,"mt":1416625068000}}}
1430267402836	addons.xpi	DEBUG	getModTime: Recursive scan of fxdriver@googlecode.com
1430267402840	addons.xpi	DEBUG	getModTime: Recursive scan of {972ce4c6-7e08-4474-a285-3208198ce6fd}
1430267402840	addons.xpi	DEBUG	getInstallState changed: false, state: {"app-profile":{"fxdriver@googlecode.com":{"d":"C:\\Users\\Anton\\AppData\\Local\\Temp\\anonymous2384784835040942216webdriver-profile\\extensions\\fxdriver@googlecode.com","e":true,"v":"2.43.1","st":1430267398846,"mt":1430267398476}},"app-global":{"{972ce4c6-7e08-4474-a285-3208198ce6fd}":{"d":"C:\\Program Files (x86)\\Mozilla Firefox\\browser\\extensions\\{972ce4c6-7e08-4474-a285-3208198ce6fd}","e":true,"v":"37.0.1","st":1429478146776,"mt":1429478146446}},"winreg-app-global":{"fiddlerhook@fiddler2.com":{"d":"C:\\Program Files (x86)\\Fiddler2\\FiddlerHook","e":false,"v":"2.4.9.7","st":1420226448892,"mt":1416625068000}}}
1430267402842	addons.xpi	DEBUG	No changes found
1430267402844	addons.manager	DEBUG	Registering shutdown blocker for XPIProvider
1430267402845	addons.manager	DEBUG	Registering shutdown blocker for LightweightThemeManager
1430267402846	addons.manager	DEBUG	Registering shutdown blocker for GMPProvider
1430267402846	addons.manager	DEBUG	Registering shutdown blocker for PluginProvider
JavaScript error: file:///C:/Users/Anton/AppData/Local/Temp/anonymous2384784835040942216webdriver-profile/extensions/fxdriver@googlecode.com/components/driver-component.js, line 11464: TypeError: this.server_ is undefined
JavaScript error: chrome://fxdriver/content/server.js, line 38: NS_ERROR_XPC_CI_RETURNED_FAILURE: Component returned failure code: 0x80570015 (NS_ERROR_XPC_CI_RETURNED_FAILURE) [nsIJSCID.createInstance]
*** Blocklist::_preloadBlocklistFile: blocklist is disabled
1430267404331	addons.manager	DEBUG	Registering shutdown blocker for <unnamed-provider>

Build info: version: '2.43.1', revision: '5163bceef1bc36d43f3dc0b83c88998168a363a0', time: '2014-09-10 09:43:55'
System info: host: 'TOHICH', ip: '169.254.147.74', os.name: 'Windows 8.1', os.arch: 'amd64', os.version: '6.3', java.version: '1.8.0_25'
Driver info: driver.version: FirefoxDriver
	at org.openqa.selenium.firefox.internal.NewProfileExtensionConnection.start(NewProfileExtensionConnection.java:130)
	at org.openqa.selenium.firefox.FirefoxDriver.startClient(FirefoxDriver.java:246)
	at org.openqa.selenium.remote.RemoteWebDriver.<init>(RemoteWebDriver.java:114)
	at org.openqa.selenium.firefox.FirefoxDriver.<init>(FirefoxDriver.java:191)
	at org.openqa.selenium.firefox.FirefoxDriver.<init>(FirefoxDriver.java:186)
	at org.openqa.selenium.firefox.FirefoxDriver.<init>(FirefoxDriver.java:182)
	at org.openqa.selenium.firefox.FirefoxDriver.<init>(FirefoxDriver.java:99)
	at tohich.webdriver.WebDriverFactory.getInstance(WebDriverFactory.java:167)
	at tohich.webdriver.WebDriverFactory.getInstance(WebDriverFactory.java:78)
	at tohich.pages.TestBase.init(TestBase.java:53)
	at sun.reflect.NativeMethodAccessorImpl.invoke0(Native Method)
	at sun.reflect.NativeMethodAccessorImpl.invoke(NativeMethodAccessorImpl.java:62)
	at sun.reflect.DelegatingMethodAccessorImpl.invoke(DelegatingMethodAccessorImpl.java:43)
	at java.lang.reflect.Method.invoke(Method.java:483)
	at org.testng.internal.MethodInvocationHelper.invokeMethod(MethodInvocationHelper.java:84)
	at org.testng.internal.Invoker.invokeConfigurationMethod(Invoker.java:564)
	at org.testng.internal.Invoker.invokeConfigurations(Invoker.java:213)
	at org.testng.internal.Invoker.invokeConfigurations(Invoker.java:138)
	at org.testng.internal.TestMethodWorker.invokeBeforeClassMethods(TestMethodWorker.java:175)
	at org.testng.internal.TestMethodWorker.run(TestMethodWorker.java:107)
	at org.testng.TestRunner.privateRun(TestRunner.java:767)
	at org.testng.TestRunner.run(TestRunner.java:617)
	at org.testng.SuiteRunner.runTest(SuiteRunner.java:348)
	at org.testng.SuiteRunner.runSequentially(SuiteRunner.java:343)
	at org.testng.SuiteRunner.privateRun(SuiteRunner.java:305)
	at org.testng.SuiteRunner.run(SuiteRunner.java:254)
	at org.testng.SuiteRunnerWorker.runSuite(SuiteRunnerWorker.java:52)
	at org.testng.SuiteRunnerWorker.run(SuiteRunnerWorker.java:86)
	at org.testng.TestNG.runSuitesSequentially(TestNG.java:1224)
	at org.testng.TestNG.runSuitesLocally(TestNG.java:1149)
	at org.testng.TestNG.run(TestNG.java:1057)
	at org.apache.maven.surefire.testng.TestNGExecutor.run(TestNGExecutor.java:217)
	at org.apache.maven.surefire.testng.TestNGXmlTestSuite.execute(TestNGXmlTestSuite.java:84)
	at org.apache.maven.surefire.testng.TestNGProvider.invoke(TestNGProvider.java:92)
	at org.apache.maven.surefire.booter.ForkedBooter.invokeProviderInSameClassLoader(ForkedBooter.java:200)
	at org.apache.maven.surefire.booter.ForkedBooter.runSuitesInProcess(ForkedBooter.java:153)
	at org.apache.maven.surefire.booter.ForkedBooter.main(ForkedBooter.java:103)
Caused by: org.openqa.selenium.firefox.NotConnectedException: Unable to connect to host 127.0.0.1 on port 7055 after 45000 ms. Firefox console output:
ddons.manager	DEBUG	Calling shutdown blocker for PluginProvider
1430267401458	DeferredSave.extensions.json	DEBUG	Write succeeded
1430267401459	addons.xpi-utils	DEBUG	XPI Database saved, setting schema version preference to 16
1430267401459	addons.xpi	DEBUG	Notifying XPI shutdown observers
1430267401461	addons.manager	DEBUG	Async provider shutdown done
1430267402829	addons.manager	DEBUG	Loaded provider scope for resource://gre/modules/addons/XPIProvider.jsm: ["XPIProvider"]
1430267402830	addons.manager	DEBUG	Loaded provider scope for resource://gre/modules/LightweightThemeManager.jsm: ["LightweightThemeManager"]
1430267402832	addons.xpi	DEBUG	startup
1430267402833	addons.xpi	INFO	Mapping fxdriver@googlecode.com to C:\Users\Anton\AppData\Local\Temp\anonymous2384784835040942216webdriver-profile\extensions\fxdriver@googlecode.com
1430267402833	addons.xpi	DEBUG	Ignoring file entry whose name is not a valid add-on ID: C:\Users\Anton\AppData\Local\Temp\anonymous2384784835040942216webdriver-profile\extensions\webdriver-staging
1430267402834	addons.xpi	INFO	Mapping {972ce4c6-7e08-4474-a285-3208198ce6fd} to C:\Program Files (x86)\Mozilla Firefox\browser\extensions\{972ce4c6-7e08-4474-a285-3208198ce6fd}
1430267402834	addons.xpi	DEBUG	Skipping unavailable install location app-system-share
1430267402834	addons.xpi	DEBUG	Skipping unavailable install location app-system-local
1430267402834	addons.xpi	INFO	Mapping fiddlerhook@fiddler2.com to C:\Program Files (x86)\Fiddler2\FiddlerHook
1430267402835	addons.xpi	DEBUG	checkForChanges
1430267402835	addons.xpi	DEBUG	Loaded add-on state from prefs: {"app-profile":{"fxdriver@googlecode.com":{"d":"C:\\Users\\Anton\\AppData\\Local\\Temp\\anonymous2384784835040942216webdriver-profile\\extensions\\fxdriver@googlecode.com","e":true,"v":"2.43.1","st":1430267398846,"mt":1430267398476}},"app-global":{"{972ce4c6-7e08-4474-a285-3208198ce6fd}":{"d":"C:\\Program Files (x86)\\Mozilla Firefox\\browser\\extensions\\{972ce4c6-7e08-4474-a285-3208198ce6fd}","e":true,"v":"37.0.1","st":1429478146776,"mt":1429478146446}},"winreg-app-global":{"fiddlerhook@fiddler2.com":{"d":"C:\\Program Files (x86)\\Fiddler2\\FiddlerHook","e":false,"v":"2.4.9.7","st":1420226448892,"mt":1416625068000}}}
1430267402836	addons.xpi	DEBUG	getModTime: Recursive scan of fxdriver@googlecode.com
1430267402840	addons.xpi	DEBUG	getModTime: Recursive scan of {972ce4c6-7e08-4474-a285-3208198ce6fd}
1430267402840	addons.xpi	DEBUG	getInstallState changed: false, state: {"app-profile":{"fxdriver@googlecode.com":{"d":"C:\\Users\\Anton\\AppData\\Local\\Temp\\anonymous2384784835040942216webdriver-profile\\extensions\\fxdriver@googlecode.com","e":true,"v":"2.43.1","st":1430267398846,"mt":1430267398476}},"app-global":{"{972ce4c6-7e08-4474-a285-3208198ce6fd}":{"d":"C:\\Program Files (x86)\\Mozilla Firefox\\browser\\extensions\\{972ce4c6-7e08-4474-a285-3208198ce6fd}","e":true,"v":"37.0.1","st":1429478146776,"mt":1429478146446}},"winreg-app-global":{"fiddlerhook@fiddler2.com":{"d":"C:\\Program Files (x86)\\Fiddler2\\FiddlerHook","e":false,"v":"2.4.9.7","st":1420226448892,"mt":1416625068000}}}
1430267402842	addons.xpi	DEBUG	No changes found
1430267402844	addons.manager	DEBUG	Registering shutdown blocker for XPIProvider
1430267402845	addons.manager	DEBUG	Registering shutdown blocker for LightweightThemeManager
1430267402846	addons.manager	DEBUG	Registering shutdown blocker for GMPProvider
1430267402846	addons.manager	DEBUG	Registering shutdown blocker for PluginProvider
JavaScript error: file:///C:/Users/Anton/AppData/Local/Temp/anonymous2384784835040942216webdriver-profile/extensions/fxdriver@googlecode.com/components/driver-component.js, line 11464: TypeError: this.server_ is undefined
JavaScript error: chrome://fxdriver/content/server.js, line 38: NS_ERROR_XPC_CI_RETURNED_FAILURE: Component returned failure code: 0x80570015 (NS_ERROR_XPC_CI_RETURNED_FAILURE) [nsIJSCID.createInstance]
*** Blocklist::_preloadBlocklistFile: blocklist is disabled
1430267404331	addons.manager	DEBUG	Registering shutdown blocker for <unnamed-provider>

	at org.openqa.selenium.firefox.internal.NewProfileExtensionConnection.start(NewProfileExtensionConnection.java:118)
	... 36 more
]]>
    </failure>
  </testcase> <!-- testH1Existing -->
</testsuite> <!-- tohich.pages.HomePageTest -->
