<?xml version="1.0" encoding="UTF-8"?>
<!-- Generated by org.testng.reporters.JUnitReportReporter -->
<testsuite hostname="TOHICH" name="tohich_selenium_tests.LoginTest" tests="1" failures="0" timestamp="2 May 2015 00:23:40 GMT" time="11.169" errors="0">
  <testcase name="testUntitled" time="11.169" classname="tohich_selenium_tests.LoginTest"/>
</testsuite> <!-- tohich_selenium_tests.LoginTest -->
